<?xml version="1.0" encoding="UTF-8"?>
<!-- Generated by org.testng.reporters.JUnitReportReporter -->
<testsuite hostname="automationtester1" failures="0" tests="2" name="test.SelectingTextBoxes" time="6.345" errors="0" timestamp="2021-11-11T16:20:41 EST" skipped="0">
  <testcase classname="test.SelectingTextBoxes" name="TC01_testByClassName_countIs4" time="3.506"/>
  <system-out/>
  <testcase classname="test.SelectingTextBoxes" name="TC02_testByClassName_countIs4" time="2.839"/>
  <system-out/>
</testsuite> <!-- test.SelectingTextBoxes -->
